[
  {
    "level": "INFO",
    "message": "android.ndkVersion from module build.gradle is not set"
  },
  {
    "level": "INFO",
    "message": "ndk.dir in local.properties is /Users/zenglw/Library/Android/sdk/android-ndk-r17c"
  },
  {
    "level": "INFO",
    "message": "ANDROID_NDK_HOME environment variable is not set"
  },
  {
    "level": "INFO",
    "message": "sdkFolder is /Users/zenglw/Library/Android/sdk"
  },
  {
    "level": "INFO",
    "message": "NDK side-by-side folder from sdkFolder /Users/zenglw/Library/Android/sdk/ndk does not exist"
  },
  {
    "level": "INFO",
    "message": "Considering /Users/zenglw/Library/Android/sdk/android-ndk-r17c by ndk.dir"
  },
  {
    "level": "INFO",
    "message": "Considering /Users/zenglw/Library/Android/sdk/ndk-bundle in SDK ndk-bundle folder"
  },
  {
    "level": "INFO",
    "message": "Found requested ndk.dir (/Users/zenglw/Library/Android/sdk/android-ndk-r17c) which has version 17.2.4988734"
  }
]